<?xml version="1.0" encoding="UTF-8"?>
<testsuites name="Mocha Tests" time="1.990" tests="1" failures="0">
  <testsuite name="Root Suite" timestamp="2025-10-05T19:00:59" tests="0" file="cypress/e2e/checkout_flow.spec.js" time="0.000" failures="0">
  </testsuite>
  <testsuite name="Checkout flow" timestamp="2025-10-05T19:00:59" tests="1" time="1.988" failures="0">
    <testcase name="Checkout flow completes checkout flow" time="1.957" classname="completes checkout flow">
    </testcase>
  </testsuite>
</testsuites>